<?xml version="1.0" encoding="UTF-8"?>
<testsuite name="org.hyperskill.tests.stopwatch.Stage4UnitTest" tests="7" skipped="0" failures="0" errors="0" timestamp="2023-06-09T09:25:12" hostname="Abylays-MacBook-Pro.local" time="0.38">
  <properties/>
  <testcase name="test1_ShouldCheckSettingsButtonExist" classname="org.hyperskill.tests.stopwatch.Stage4UnitTest" time="0.027"/>
  <testcase name="test2_ShouldCheckSettingsButtonEnable" classname="org.hyperskill.tests.stopwatch.Stage4UnitTest" time="0.029"/>
  <testcase name="test3_ShouldShowAlertDialogOnSettingsButtonClick" classname="org.hyperskill.tests.stopwatch.Stage4UnitTest" time="0.051"/>
  <testcase name="test4_DialogButtonsShouldContainText" classname="org.hyperskill.tests.stopwatch.Stage4UnitTest" time="0.066"/>
  <testcase name="test5_ShouldCheckLimitIsNotSetOnCancel" classname="org.hyperskill.tests.stopwatch.Stage4UnitTest" time="0.068"/>
  <testcase name="test6_ShouldCheckLimitIsSetOnOk" classname="org.hyperskill.tests.stopwatch.Stage4UnitTest" time="0.058"/>
  <testcase name="test7_ShouldCheckColorsOnRestart" classname="org.hyperskill.tests.stopwatch.Stage4UnitTest" time="0.081"/>
  <system-out><![CDATA[]]></system-out>
  <system-err><![CDATA[System.logW: No Compatibility callbacks set! Querying change 171228096
System.logW: No Compatibility callbacks set! Querying change 171228096
System.logW: No Compatibility callbacks set! Querying change 171228096
System.logW: No Compatibility callbacks set! Querying change 171228096
System.logW: No Compatibility callbacks set! Querying change 171228096
System.logW: No Compatibility callbacks set! Querying change 171228096
System.logW: No Compatibility callbacks set! Querying change 171228096
System.logW: No Compatibility callbacks set! Querying change 171228096
System.logW: No Compatibility callbacks set! Querying change 171228096
System.logW: No Compatibility callbacks set! Querying change 171228096
System.logW: No Compatibility callbacks set! Querying change 171228096
System.logW: No Compatibility callbacks set! Querying change 171228096
System.logW: No Compatibility callbacks set! Querying change 171228096
System.logW: No Compatibility callbacks set! Querying change 171228096
System.logW: No Compatibility callbacks set! Querying change 171228096
System.logW: No Compatibility callbacks set! Querying change 171228096
System.logW: No Compatibility callbacks set! Querying change 171228096
System.logW: No Compatibility callbacks set! Querying change 171228096
System.logW: No Compatibility callbacks set! Querying change 171228096
System.logW: No Compatibility callbacks set! Querying change 171228096
]]></system-err>
</testsuite>
