<?xml version="1.0" encoding="UTF-8"?>
<testsuite name="org.hyperskill.tests.stopwatch.Stage2UnitTest" tests="8" skipped="0" failures="0" errors="0" timestamp="2023-06-09T09:25:11" hostname="Abylays-MacBook-Pro.local" time="0.352">
  <properties/>
  <testcase name="checkDisplayOneMinuteInsteadOf60Seconds" classname="org.hyperskill.tests.stopwatch.Stage2UnitTest" time="0.047"/>
  <testcase name="checkCountOneSecondAfterOneSecondOnStartButtonClick" classname="org.hyperskill.tests.stopwatch.Stage2UnitTest" time="0.031"/>
  <testcase name="checkStopTimerAndResetCountOnResetButtonClick" classname="org.hyperskill.tests.stopwatch.Stage2UnitTest" time="0.031"/>
  <testcase name="checkTakeOneSecondToCountOneSecondOnStartButtonClick" classname="org.hyperskill.tests.stopwatch.Stage2UnitTest" time="0.034"/>
  <testcase name="checkContinueCountOnPressingStartButtonAgain" classname="org.hyperskill.tests.stopwatch.Stage2UnitTest" time="0.03"/>
  <testcase name="checkIgnorePressingResetButtonAgain" classname="org.hyperskill.tests.stopwatch.Stage2UnitTest" time="0.096"/>
  <testcase name="checkCheckTimerInitialValue" classname="org.hyperskill.tests.stopwatch.Stage2UnitTest" time="0.029"/>
  <testcase name="checkMinuteIsNotEarly" classname="org.hyperskill.tests.stopwatch.Stage2UnitTest" time="0.054"/>
  <system-out><![CDATA[]]></system-out>
  <system-err><![CDATA[]]></system-err>
</testsuite>
